TN:
SF:script/DeployCadentRepDistributor.s.sol
FN:8,DeployCadentRepDistributor.run
FNDA:0,DeployCadentRepDistributor.run
DA:13,0
DA:14,0
DA:19,0
DA:20,0
FNF:1
FNH:0
LF:4
LH:0
BRF:0
BRH:0
end_of_record
TN:
SF:script/DeployCadentRepDistributorWithData.s.sol
FN:13,DeployCadentRepDistributorWithData.run
FNDA:0,DeployCadentRepDistributorWithData.run
DA:14,0
DA:15,0
FNF:1
FNH:0
LF:2
LH:0
BRF:0
BRH:0
end_of_record
TN:
SF:src/CadentRepDistributor.sol
FN:26,CadentRepDistributor.claim
FNDA:10,CadentRepDistributor.claim
DA:27,10
BRDA:27,0,0,2
BRDA:27,0,1,8
DA:28,2
DA:32,8
DA:33,7
BRDA:31,1,0,1
BRDA:31,1,1,7
DA:35,1
DA:38,7
DA:40,7
DA:41,7
FN:44,CadentRepDistributor.getRemainingTime
FNDA:1,CadentRepDistributor.getRemainingTime
DA:45,11
DA:46,11
FN:49,CadentRepDistributor.getAmountToDistributePerCadence
FNDA:1,CadentRepDistributor.getAmountToDistributePerCadence
DA:50,1
FN:53,CadentRepDistributor.getCadence
FNDA:1,CadentRepDistributor.getCadence
DA:54,1
FNF:4
FNH:4
LF:12
LH:12
BRF:4
BRH:4
end_of_record
